server(started, 1600030657).
/*Sun Sep 13 14:57:36 2020*/ request(1, 1600030656.834, [peer(ip(127,0,0,1)),method(get),request_uri(/),path(/),http_version(1-1),host(localhost),port(3000),user_agent('Mozilla/5.0 (Windows NT 10.0; Win64; x64; rv:80.0) Gecko/20100101 Firefox/80.0'),connection('keep-alive'),upgrade_insecure_requests('1')]).
completed(1, 0.015625, 358, 404, error(404,/)).
/*Sun Sep 13 14:57:37 2020*/ request(2, 1600030657.235, [peer(ip(127,0,0,1)),method(get),request_uri('/favicon.ico'),path('/favicon.ico'),http_version(1-1),host(localhost),port(3000),user_agent('Mozilla/5.0 (Windows NT 10.0; Win64; x64; rv:80.0) Gecko/20100101 Firefox/80.0'),connection('keep-alive')]).
completed(2, 0.0, 93, 404, error(404,'/favicon.ico')).
/*Sun Sep 13 14:57:46 2020*/ request(3, 1600030666.237, [peer(ip(127,0,0,1)),method(get),request_uri('/teste'),path('/teste'),http_version(1-1),host(localhost),port(3000),user_agent('Mozilla/5.0 (Windows NT 10.0; Win64; x64; rv:80.0) Gecko/20100101 Firefox/80.0'),connection('keep-alive'),upgrade_insecure_requests('1')]).
completed(3, 0.0, 166, 200, ok).
/*Sun Sep 13 15:02:34 2020*/ request(4, 1600030954.444, [peer(ip(127,0,0,1)),method(get),request_uri('/teste'),path('/teste'),http_version(1-1),host(localhost),port(3000),user_agent('Mozilla/5.0 (Windows NT 10.0; Win64; x64; rv:80.0) Gecko/20100101 Firefox/80.0'),connection('keep-alive'),upgrade_insecure_requests('1'),cache_control('max-age=0')]).
completed(4, 0.0, 166, 200, ok).
/*Sun Sep 13 15:02:35 2020*/ request(5, 1600030955.569, [peer(ip(127,0,0,1)),method(get),request_uri('/teste'),path('/teste'),http_version(1-1),host(localhost),port(3000),user_agent('Mozilla/5.0 (Windows NT 10.0; Win64; x64; rv:80.0) Gecko/20100101 Firefox/80.0'),connection('keep-alive'),upgrade_insecure_requests('1'),cache_control('max-age=0')]).
completed(5, 0.0, 166, 200, ok).
server(stopped, 1600031002).
server(started, 1600031008).
/*Sun Sep 13 15:03:28 2020*/ request(1, 1600031008.141, [peer(ip(127,0,0,1)),method(get),request_uri('/teste'),path('/teste'),http_version(1-1),host(localhost),port(3000),user_agent('Mozilla/5.0 (Windows NT 10.0; Win64; x64; rv:80.0) Gecko/20100101 Firefox/80.0'),connection('keep-alive'),upgrade_insecure_requests('1'),cache_control('max-age=0')]).
completed(1, 0.015625, 166, 200, ok).
/*Sun Sep 13 15:04:14 2020*/ request(2, 1600031054.760, [peer(ip(127,0,0,1)),method(get),request_uri('/teste'),path('/teste'),http_version(1-1),host(localhost),port(3000),user_agent('Mozilla/5.0 (Windows NT 10.0; Win64; x64; rv:80.0) Gecko/20100101 Firefox/80.0'),connection('keep-alive'),upgrade_insecure_requests('1'),cache_control('max-age=0')]).
completed(2, 0.0, 166, 200, ok).
server(stopped, 1600031059).
server(started, 1600031062).
/*Sun Sep 13 15:04:22 2020*/ request(1, 1600031062.207, [peer(ip(127,0,0,1)),method(get),request_uri('/teste'),path('/teste'),http_version(1-1),host(localhost),port(3000),user_agent('Mozilla/5.0 (Windows NT 10.0; Win64; x64; rv:80.0) Gecko/20100101 Firefox/80.0'),connection('keep-alive'),upgrade_insecure_requests('1'),cache_control('max-age=0')]).
completed(1, 0.015625, 166, 200, ok).
/*Sun Sep 13 15:05:02 2020*/ request(2, 1600031102.087, [peer(ip(127,0,0,1)),method(get),request_uri('/teste'),path('/teste'),http_version(1-1),host(localhost),port(3000),user_agent('Mozilla/5.0 (Windows NT 10.0; Win64; x64; rv:80.0) Gecko/20100101 Firefox/80.0'),connection('keep-alive'),upgrade_insecure_requests('1'),cache_control('max-age=0')]).
completed(2, 0.015625, 166, 200, ok).
/*Sun Sep 13 15:05:02 2020*/ request(3, 1600031102.695, [peer(ip(127,0,0,1)),method(get),request_uri('/teste'),path('/teste'),http_version(1-1),host(localhost),port(3000),user_agent('Mozilla/5.0 (Windows NT 10.0; Win64; x64; rv:80.0) Gecko/20100101 Firefox/80.0'),connection('keep-alive'),upgrade_insecure_requests('1'),cache_control('max-age=0')]).
completed(3, 0.015625, 166, 200, ok).
/*Sun Sep 13 15:05:02 2020*/ request(4, 1600031102.886, [peer(ip(127,0,0,1)),method(get),request_uri('/teste'),path('/teste'),http_version(1-1),host(localhost),port(3000),user_agent('Mozilla/5.0 (Windows NT 10.0; Win64; x64; rv:80.0) Gecko/20100101 Firefox/80.0'),connection('keep-alive'),upgrade_insecure_requests('1'),cache_control('max-age=0')]).
completed(4, 0.0, 166, 200, ok).
/*Sun Sep 13 15:05:03 2020*/ request(5, 1600031103.071, [peer(ip(127,0,0,1)),method(get),request_uri('/teste'),path('/teste'),http_version(1-1),host(localhost),port(3000),user_agent('Mozilla/5.0 (Windows NT 10.0; Win64; x64; rv:80.0) Gecko/20100101 Firefox/80.0'),connection('keep-alive'),upgrade_insecure_requests('1'),cache_control('max-age=0')]).
completed(5, 0.0, 166, 200, ok).
server(stopped, 1600031115).
server(started, 1600031124).
/*Sun Sep 13 15:05:23 2020*/ request(1, 1600031123.738, [peer(ip(127,0,0,1)),method(get),request_uri(/),path(/),http_version(1-1),host(localhost),port(3000),user_agent('Mozilla/5.0 (Windows NT 10.0; Win64; x64; rv:80.0) Gecko/20100101 Firefox/80.0'),connection('keep-alive'),upgrade_insecure_requests('1')]).
completed(1, 0.015625, 358, 404, error(404,/)).
/*Sun Sep 13 15:05:28 2020*/ request(2, 1600031128.756, [peer(ip(127,0,0,1)),method(get),request_uri('/test'),path('/test'),http_version(1-1),host(localhost),port(3000),user_agent('Mozilla/5.0 (Windows NT 10.0; Win64; x64; rv:80.0) Gecko/20100101 Firefox/80.0'),connection('keep-alive'),upgrade_insecure_requests('1')]).
completed(2, 0.0, 362, 404, error(404,'/test')).
/*Sun Sep 13 15:05:32 2020*/ request(3, 1600031132.127, [peer(ip(127,0,0,1)),method(get),request_uri('/teste'),path('/teste'),http_version(1-1),host(localhost),port(3000),user_agent('Mozilla/5.0 (Windows NT 10.0; Win64; x64; rv:80.0) Gecko/20100101 Firefox/80.0'),connection('keep-alive'),upgrade_insecure_requests('1')]).
completed(3, 0.046875, 2606, 500, error("Type error: `dict' expected, found `0.1' (a float)\nIn:\n  [29] throw(error(type_error(dict,0.1),_686))\n  [27] '$dicts':'.'(0.1,0,_726) at e:/swipl/boot/dicts.pl:46\n  [26] est(_750,\"Version\") at c:/users/brazza/documents/github/enano/src/prolog/teste.pl:19\n  [25] '$bags':findall_loop([_792,\"Version\"],user:est(_810,\"Version\"),_786,[]) at e:/swipl/boot/bags.pl:99\n  [24] setup_call_catcher_cleanup('$bags':'$new_findall_bag','$bags':findall_loop(...,...,_862,[]),_840,'$bags':'$destroy_findall_bag') at e:/swipl/boot/init.pl:564\n  [20] listAllUsers(_894) at c:/users/brazza/documents/github/enano/src/prolog/teste.pl:27\n  [19] say_teste([protocol(http),...|...]) at c:/users/brazza/documents/github/enano/src/prolog/server.pl:27\n  [18] http_dispatch:call_action(user:say_teste,[protocol(http),...|...]) at e:/swipl/library/http/http_dispatch.pl:1030\n  [16] time:run_alarm_goal('$alarm'(14593024),http_dispatch:call_action(...,...,[])) at e:/swipl/library/time.pl:147\n  [15] setup_call_catcher_cleanup(time:alarm(300,...,...,...),time:run_alarm_goal(...,...),_1066,time:remove_alarm_notrace(...)) at e:/swipl/boot/init.pl:564\n  [13] time:call_with_time_limit(300,http_dispatch:call_action(...,...,[])) at e:/swipl/library/time.pl:138\n  [12] http_dispatch:time_limit_action(user:say_teste,[protocol(http),...|...],[]) at e:/swipl/library/http/http_dispatch.pl:1011\n   [8] httpd_wrapper:call_handler(user:http_dispatch,3,[protocol(http),...|...]) at e:/swipl/library/http/http_wrapper.pl:329\n   [7] catch(httpd_wrapper:call_handler(...,3,...),error(type_error(dict,0.1),context(_1322,_1324)),httpd_wrapper:true) at e:/swipl/boot/init.pl:482\n   [6] httpd_wrapper:handler_with_output_to(user:http_dispatch,3,[protocol(http),...|...],current_output,error(type_error(dict,0.1),context(_1406,_1408))) at e:/swipl/library/http/http_wrapper.pl:306\n   [5] httpd_wrapper:handler_with_output_to(user:http_dispatch,3,[protocol(http),...|...],<stream>(00000000037A8F60),error(type_error(dict,0.1),context(_1484,_1486))) at e:/swipl/library/http/http_wrapper.pl:318\n\nNote: some frames are missing due to last-call optimization.\nRe-run your program in debug mode (:- debug.) to get more detail.")).
/*Sun Sep 13 15:05:50 2020*/ request(4, 1600031150.928, [peer(ip(127,0,0,1)),method(get),request_uri('/teste'),path('/teste'),http_version(1-1),host(localhost),port(3000),user_agent('Mozilla/5.0 (Windows NT 10.0; Win64; x64; rv:80.0) Gecko/20100101 Firefox/80.0'),connection('keep-alive'),upgrade_insecure_requests('1'),cache_control('max-age=0')]).
completed(4, 0.0, 2195, 500, error("Type error: `dict' expected, found `0.1' (a float)\nIn:\n  [29] throw(error(type_error(dict,0.1),_704))\n  [25] '$bags':findall_loop([_750,\"Version\"],user:est(_768,\"Version\"),_744,[]) at e:/swipl/boot/bags.pl:99\n  [24] setup_call_catcher_cleanup('$bags':'$new_findall_bag','$bags':findall_loop(...,...,_820,[]),_798,'$bags':'$destroy_findall_bag') at e:/swipl/boot/init.pl:564\n  [20] listAllUsers(_852) at c:/users/brazza/documents/github/enano/src/prolog/teste.pl:27\n  [19] say_teste([protocol(http),...|...]) at c:/users/brazza/documents/github/enano/src/prolog/server.pl:27\n  [18] http_dispatch:call_action(user:say_teste,[protocol(http),...|...]) at e:/swipl/library/http/http_dispatch.pl:1030\n  [16] time:run_alarm_goal('$alarm'(14572176),http_dispatch:call_action(...,...,[])) at e:/swipl/library/time.pl:147\n  [15] setup_call_catcher_cleanup(time:alarm(300,...,...,...),time:run_alarm_goal(...,...),_1024,time:remove_alarm_notrace(...)) at e:/swipl/boot/init.pl:564\n   [8] httpd_wrapper:call_handler(user:http_dispatch,4,[protocol(http),...|...]) at e:/swipl/library/http/http_wrapper.pl:329\n   [7] catch(httpd_wrapper:call_handler(...,4,...),error(type_error(dict,0.1),context(_1178,_1180)),httpd_wrapper:true) at e:/swipl/boot/init.pl:482\n   [6] httpd_wrapper:handler_with_output_to(user:http_dispatch,4,[protocol(http),...|...],current_output,error(type_error(dict,0.1),context(_1262,_1264))) at e:/swipl/library/http/http_wrapper.pl:306\n   [5] httpd_wrapper:handler_with_output_to(user:http_dispatch,4,[protocol(http),...|...],<stream>(00000000036539C0),error(type_error(dict,0.1),context(_1340,_1342))) at e:/swipl/library/http/http_wrapper.pl:318\n\nNote: some frames are missing due to last-call optimization.\nRe-run your program in debug mode (:- debug.) to get more detail.")).
/*Sun Sep 13 15:05:52 2020*/ request(5, 1600031152.607, [peer(ip(127,0,0,1)),method(get),request_uri('/teste'),path('/teste'),http_version(1-1),host(localhost),port(3000),user_agent('Mozilla/5.0 (Windows NT 10.0; Win64; x64; rv:80.0) Gecko/20100101 Firefox/80.0'),connection('keep-alive'),upgrade_insecure_requests('1'),cache_control('max-age=0')]).
completed(5, 0.0, 2195, 500, error("Type error: `dict' expected, found `0.1' (a float)\nIn:\n  [29] throw(error(type_error(dict,0.1),_704))\n  [25] '$bags':findall_loop([_750,\"Version\"],user:est(_768,\"Version\"),_744,[]) at e:/swipl/boot/bags.pl:99\n  [24] setup_call_catcher_cleanup('$bags':'$new_findall_bag','$bags':findall_loop(...,...,_820,[]),_798,'$bags':'$destroy_findall_bag') at e:/swipl/boot/init.pl:564\n  [20] listAllUsers(_852) at c:/users/brazza/documents/github/enano/src/prolog/teste.pl:27\n  [19] say_teste([protocol(http),...|...]) at c:/users/brazza/documents/github/enano/src/prolog/server.pl:27\n  [18] http_dispatch:call_action(user:say_teste,[protocol(http),...|...]) at e:/swipl/library/http/http_dispatch.pl:1030\n  [16] time:run_alarm_goal('$alarm'(14572896),http_dispatch:call_action(...,...,[])) at e:/swipl/library/time.pl:147\n  [15] setup_call_catcher_cleanup(time:alarm(300,...,...,...),time:run_alarm_goal(...,...),_1024,time:remove_alarm_notrace(...)) at e:/swipl/boot/init.pl:564\n   [8] httpd_wrapper:call_handler(user:http_dispatch,5,[protocol(http),...|...]) at e:/swipl/library/http/http_wrapper.pl:329\n   [7] catch(httpd_wrapper:call_handler(...,5,...),error(type_error(dict,0.1),context(_1178,_1180)),httpd_wrapper:true) at e:/swipl/boot/init.pl:482\n   [6] httpd_wrapper:handler_with_output_to(user:http_dispatch,5,[protocol(http),...|...],current_output,error(type_error(dict,0.1),context(_1262,_1264))) at e:/swipl/library/http/http_wrapper.pl:306\n   [5] httpd_wrapper:handler_with_output_to(user:http_dispatch,5,[protocol(http),...|...],<stream>(0000000003623110),error(type_error(dict,0.1),context(_1340,_1342))) at e:/swipl/library/http/http_wrapper.pl:318\n\nNote: some frames are missing due to last-call optimization.\nRe-run your program in debug mode (:- debug.) to get more detail.")).
/*Sun Sep 13 15:05:52 2020*/ request(6, 1600031152.821, [peer(ip(127,0,0,1)),method(get),request_uri('/teste'),path('/teste'),http_version(1-1),host(localhost),port(3000),user_agent('Mozilla/5.0 (Windows NT 10.0; Win64; x64; rv:80.0) Gecko/20100101 Firefox/80.0'),connection('keep-alive'),upgrade_insecure_requests('1'),cache_control('max-age=0')]).
completed(6, 0.015625, 2195, 500, error("Type error: `dict' expected, found `0.1' (a float)\nIn:\n  [29] throw(error(type_error(dict,0.1),_710))\n  [25] '$bags':findall_loop([_756,\"Version\"],user:est(_774,\"Version\"),_750,[]) at e:/swipl/boot/bags.pl:99\n  [24] setup_call_catcher_cleanup('$bags':'$new_findall_bag','$bags':findall_loop(...,...,_826,[]),_804,'$bags':'$destroy_findall_bag') at e:/swipl/boot/init.pl:564\n  [20] listAllUsers(_858) at c:/users/brazza/documents/github/enano/src/prolog/teste.pl:27\n  [19] say_teste([protocol(http),...|...]) at c:/users/brazza/documents/github/enano/src/prolog/server.pl:27\n  [18] http_dispatch:call_action(user:say_teste,[protocol(http),...|...]) at e:/swipl/library/http/http_dispatch.pl:1030\n  [16] time:run_alarm_goal('$alarm'(14572396),http_dispatch:call_action(...,...,[])) at e:/swipl/library/time.pl:147\n  [15] setup_call_catcher_cleanup(time:alarm(300,...,...,...),time:run_alarm_goal(...,...),_1030,time:remove_alarm_notrace(...)) at e:/swipl/boot/init.pl:564\n   [8] httpd_wrapper:call_handler(user:http_dispatch,6,[protocol(http),...|...]) at e:/swipl/library/http/http_wrapper.pl:329\n   [7] catch(httpd_wrapper:call_handler(...,6,...),error(type_error(dict,0.1),context(_1184,_1186)),httpd_wrapper:true) at e:/swipl/boot/init.pl:482\n   [6] httpd_wrapper:handler_with_output_to(user:http_dispatch,6,[protocol(http),...|...],current_output,error(type_error(dict,0.1),context(_1268,_1270))) at e:/swipl/library/http/http_wrapper.pl:306\n   [5] httpd_wrapper:handler_with_output_to(user:http_dispatch,6,[protocol(http),...|...],<stream>(0000000003656EE0),error(type_error(dict,0.1),context(_1346,_1348))) at e:/swipl/library/http/http_wrapper.pl:318\n\nNote: some frames are missing due to last-call optimization.\nRe-run your program in debug mode (:- debug.) to get more detail.")).
server(stopped, 1600031163).
server(started, 1600031171).
/*Sun Sep 13 15:06:11 2020*/ request(1, 1600031171.352, [peer(ip(127,0,0,1)),method(get),request_uri('/test'),path('/test'),http_version(1-1),host(localhost),port(3000),user_agent('Mozilla/5.0 (Windows NT 10.0; Win64; x64; rv:80.0) Gecko/20100101 Firefox/80.0'),connection('keep-alive'),upgrade_insecure_requests('1')]).
completed(1, 0.04687500000000001, 362, 404, error(404,'/test')).
/*Sun Sep 13 15:06:14 2020*/ request(2, 1600031174.651, [peer(ip(127,0,0,1)),method(get),request_uri('/teste'),path('/teste'),http_version(1-1),host(localhost),port(3000),user_agent('Mozilla/5.0 (Windows NT 10.0; Win64; x64; rv:80.0) Gecko/20100101 Firefox/80.0'),connection('keep-alive'),upgrade_insecure_requests('1')]).
completed(2, 0.0, 214, 200, ok).
server(started, 1600036104).
/*Sun Sep 13 16:28:24 2020*/ request(1, 1600036104.125, [peer(ip(127,0,0,1)),method(get),request_uri('/teste'),path('/teste'),http_version(1-1),host(localhost),port(3000),user_agent('Mozilla/5.0 (Windows NT 10.0; Win64; x64; rv:80.0) Gecko/20100101 Firefox/80.0'),origin(null),connection('keep-alive')]).
completed(1, 0.03125, 214, 200, ok).
/*Sun Sep 13 16:28:32 2020*/ request(2, 1600036112.427, [peer(ip(127,0,0,1)),method(get),request_uri('/teste'),path('/teste'),http_version(1-1),host(localhost),port(3000),user_agent('Mozilla/5.0 (Windows NT 10.0; Win64; x64; rv:80.0) Gecko/20100101 Firefox/80.0'),origin(null),connection('keep-alive')]).
completed(2, 0.0, 214, 200, ok).
/*Sun Sep 13 16:28:35 2020*/ request(3, 1600036115.707, [peer(ip(127,0,0,1)),method(get),request_uri('/teste'),path('/teste'),http_version(1-1),host(localhost),port(3000),user_agent('Mozilla/5.0 (Windows NT 10.0; Win64; x64; rv:80.0) Gecko/20100101 Firefox/80.0'),origin(null),connection('keep-alive')]).
completed(3, 0.0, 214, 200, ok).
/*Sun Sep 13 16:28:52 2020*/ request(4, 1600036132.048, [peer(ip(127,0,0,1)),method(get),request_uri('/teste'),path('/teste'),http_version(1-1),host(localhost),port(3000),user_agent('Mozilla/5.0 (Windows NT 10.0; Win64; x64; rv:80.0) Gecko/20100101 Firefox/80.0'),connection('keep-alive'),upgrade_insecure_requests('1')]).
completed(4, 0.0, 214, 200, ok).
/*Sun Sep 13 16:33:06 2020*/ request(5, 1600036386.096, [peer(ip(127,0,0,1)),method(get),request_uri('/teste'),path('/teste'),http_version(1-1),host(localhost),port(3000),user_agent('Mozilla/5.0 (Windows NT 10.0; Win64; x64; rv:80.0) Gecko/20100101 Firefox/80.0'),origin(null),connection('keep-alive')]).
completed(5, 0.0, 214, 200, ok).
/*Sun Sep 13 17:00:18 2020*/ request(6, 1600038018.920, [peer(ip(127,0,0,1)),method(get),request_uri('/teste'),path('/teste'),http_version(1-1),host(localhost),port(3000),user_agent('Mozilla/5.0 (Windows NT 10.0; Win64; x64; rv:80.0) Gecko/20100101 Firefox/80.0'),origin(null),connection('keep-alive')]).
completed(6, 0.0, 214, 200, ok).
/*Sun Sep 13 17:57:09 2020*/ request(7, 1600041429.651, [peer(ip(127,0,0,1)),method(get),request_uri('/teste'),path('/teste'),http_version(1-1),host(localhost),port(3000),user_agent('Mozilla/5.0 (Windows NT 10.0; Win64; x64; rv:80.0) Gecko/20100101 Firefox/80.0'),connection('keep-alive'),upgrade_insecure_requests('1')]).
completed(7, 0.0, 214, 200, ok).
/*Sun Sep 13 17:57:54 2020*/ request(8, 1600041474.501, [peer(ip(127,0,0,1)),method(get),request_uri('/teste'),path('/teste'),http_version(1-1),host(localhost),port(3000),user_agent('Mozilla/5.0 (Windows NT 10.0; Win64; x64; rv:80.0) Gecko/20100101 Firefox/80.0'),origin(null),connection('keep-alive')]).
completed(8, 0.0, 214, 200, ok).
